0 info it worked if it ends with ok
1 verbose cli [ '/Users/adam/.nvm/v0.10.22/bin/node',
1 verbose cli   '/Users/adam/.nvm/v0.10.22/bin/npm',
1 verbose cli   'publish',
1 verbose cli   'demand@v0.0.2' ]
2 info using npm@1.3.14
3 info using node@v0.10.22
4 verbose publish [ 'demand@v0.0.2' ]
5 verbose cache add [ 'demand@v0.0.2', null ]
6 verbose cache add name=undefined spec="demand@v0.0.2" args=["demand@v0.0.2",null]
7 verbose parsed url { protocol: null,
7 verbose parsed url   slashes: null,
7 verbose parsed url   auth: null,
7 verbose parsed url   host: null,
7 verbose parsed url   port: null,
7 verbose parsed url   hostname: null,
7 verbose parsed url   hash: null,
7 verbose parsed url   search: null,
7 verbose parsed url   query: null,
7 verbose parsed url   pathname: 'demand@v0.0.2',
7 verbose parsed url   path: 'demand@v0.0.2',
7 verbose parsed url   href: 'demand@v0.0.2' }
8 verbose cache add name="demand" spec="v0.0.2" args=["demand","v0.0.2"]
9 verbose parsed url { protocol: null,
9 verbose parsed url   slashes: null,
9 verbose parsed url   auth: null,
9 verbose parsed url   host: null,
9 verbose parsed url   port: null,
9 verbose parsed url   hostname: null,
9 verbose parsed url   hash: null,
9 verbose parsed url   search: null,
9 verbose parsed url   query: null,
9 verbose parsed url   pathname: 'v0.0.2',
9 verbose parsed url   path: 'v0.0.2',
9 verbose parsed url   href: 'v0.0.2' }
10 verbose addNamed [ 'demand', 'v0.0.2' ]
11 verbose addNamed [ '0.0.2', '0.0.2' ]
12 silly lockFile a32a5191-demand-v0-0-2 demand@v0.0.2
13 verbose lock demand@v0.0.2 /Users/adam/.npm/a32a5191-demand-v0-0-2.lock
14 verbose url raw demand/0.0.2
15 verbose url resolving [ 'https://registry.npmjs.org/', './demand/0.0.2' ]
16 verbose url resolved https://registry.npmjs.org/demand/0.0.2
17 info trying registry request attempt 1 at 19:58:58
18 http GET https://registry.npmjs.org/demand/0.0.2
19 http 404 https://registry.npmjs.org/demand/0.0.2
20 silly registry.get cb [ 404,
20 silly registry.get   { vary: 'Accept',
20 silly registry.get     server: 'CouchDB/1.5.0 (Erlang OTP/R15B03)',
20 silly registry.get     etag: '"384E9RKHVI80VFW5ZXDRHLZ1J"',
20 silly registry.get     date: 'Fri, 13 Dec 2013 03:58:59 GMT',
20 silly registry.get     'content-type': 'application/json',
20 silly registry.get     'content-length': '36' } ]
21 silly lockFile a32a5191-demand-v0-0-2 demand@v0.0.2
22 silly lockFile a32a5191-demand-v0-0-2 demand@v0.0.2
23 error Error: version not found: 0.0.2 : demand/0.0.2
23 error     at RegClient.<anonymous> (/Users/adam/.nvm/v0.10.22/lib/node_modules/npm/node_modules/npm-registry-client/lib/request.js:272:14)
23 error     at Request.self.callback (/Users/adam/.nvm/v0.10.22/lib/node_modules/npm/node_modules/request/request.js:129:22)
23 error     at Request.EventEmitter.emit (events.js:98:17)
23 error     at Request.<anonymous> (/Users/adam/.nvm/v0.10.22/lib/node_modules/npm/node_modules/request/request.js:873:14)
23 error     at Request.EventEmitter.emit (events.js:117:20)
23 error     at IncomingMessage.<anonymous> (/Users/adam/.nvm/v0.10.22/lib/node_modules/npm/node_modules/request/request.js:824:12)
23 error     at IncomingMessage.EventEmitter.emit (events.js:117:20)
23 error     at _stream_readable.js:920:16
23 error     at process._tickCallback (node.js:415:13)
24 error If you need help, you may report this log at:
24 error     <http://github.com/isaacs/npm/issues>
24 error or email it to:
24 error     <npm-@googlegroups.com>
25 error System Darwin 13.0.0
26 error command "/Users/adam/.nvm/v0.10.22/bin/node" "/Users/adam/.nvm/v0.10.22/bin/npm" "publish" "demand@v0.0.2"
27 error cwd /Users/adam/github/node_modules/demand
28 error node -v v0.10.22
29 error npm -v 1.3.14
30 verbose exit [ 1, true ]
